<?xml version="1.0" encoding="UTF-8"?>
<testng-results skipped="0" failed="0" total="1" passed="1">
  <reporter-output>
  </reporter-output>
  <suite name="Default suite" duration-ms="13498" started-at="2016-05-29T06:12:04Z" finished-at="2016-05-29T06:12:18Z">
    <groups>
    </groups>
    <test name="Default test" duration-ms="13498" started-at="2016-05-29T06:12:04Z" finished-at="2016-05-29T06:12:18Z">
      <class name="factorysamples.SendKeys">
        <test-method status="PASS" signature="f()[pri:0, instance:factorysamples.SendKeys@163e9ab]" name="f" duration-ms="13471" started-at="2016-05-29T11:42:04Z" finished-at="2016-05-29T11:42:18Z">
          <reporter-output>
          </reporter-output>
        </test-method> <!-- f -->
      </class> <!-- factorysamples.SendKeys -->
    </test> <!-- Default test -->
  </suite> <!-- Default suite -->
</testng-results>
