<?xml version="1.0" encoding="UTF-8"?>
<testng-results skipped="0" failed="0" total="1" passed="1">
  <reporter-output>
  </reporter-output>
  <suite name="Suite" duration-ms="119" started-at="2016-05-22T06:41:26Z" finished-at="2016-05-22T06:41:26Z">
    <groups>
    </groups>
    <test name="Test" duration-ms="119" started-at="2016-05-22T06:41:26Z" finished-at="2016-05-22T06:41:26Z">
      <class name="testcases.NewTest">
        <test-method status="PASS" signature="f()[pri:0, instance:testcases.NewTest@1ebcae2]" name="f" duration-ms="44" started-at="2016-05-22T12:11:26Z" finished-at="2016-05-22T12:11:26Z">
          <reporter-output>
          </reporter-output>
        </test-method> <!-- f -->
      </class> <!-- testcases.NewTest -->
    </test> <!-- Test -->
  </suite> <!-- Suite -->
</testng-results>
